<?xml version="1.0" encoding="UTF-8"?>
<!-- Generated by org.testng.reporters.JUnitXMLReporter -->
<testsuite hostname="DELLi310GEN" ignored="0" name="Stock Items Module" tests="3" failures="0" timestamp="26 Oct 2021 14:50:12 GMT" time="27.016" errors="0">
  <testcase name="TestCase_3_AddStockItem" time="9.538" classname="pack1.TG1"/>
  <testcase name="TestCase_2_AccessStockItemsPage" time="5.976" classname="pack1.TG1"/>
  <testcase name="TestCase_1_Login" time="5.244" classname="pack1.TG1"/>
</testsuite> <!-- Stock Items Module -->
