<?xml version="1.0" encoding="UTF-8"?>
<!-- Generated by org.testng.reporters.JUnitXMLReporter -->
<testsuite hostname="DELLi310GEN" ignored="0" name="Default test" tests="3" failures="0" timestamp="26 Oct 2021 13:44:43 GMT" time="28.404" errors="0">
  <testcase name="TestCase_3_AddStockItem" time="10.87" classname="pack1.TG1"/>
  <testcase name="TestCase_2_AccessStockItemsPage" time="6.083" classname="pack1.TG1"/>
  <testcase name="TestCase_1_Login" time="5.372" classname="pack1.TG1"/>
</testsuite> <!-- Default test -->
